<?xml version="1.0" encoding="utf-8"?><testsuites name="pytest tests"><testsuite name="pytest" errors="0" failures="0" skipped="0" tests="21" time="12.827" timestamp="2026-03-01T10:54:28.563680+00:00" hostname="agent-env-fd2c7e91-d311-4f22-a554-465e6abc8ea1"><testcase classname="backend.tests.test_restaurant_api.TestAuthentication" name="test_admin_login" time="0.510" /><testcase classname="backend.tests.test_restaurant_api.TestAuthentication" name="test_chef_login" time="0.327" /><testcase classname="backend.tests.test_restaurant_api.TestAuthentication" name="test_waiter_login" time="0.331" /><testcase classname="backend.tests.test_restaurant_api.TestAuthentication" name="test_invalid_login" time="0.120" /><testcase classname="backend.tests.test_restaurant_api.TestAdminMenuCRUD" name="test_get_menu" time="0.420" /><testcase classname="backend.tests.test_restaurant_api.TestAdminMenuCRUD" name="test_create_menu_item_with_preparation_time" time="0.420" /><testcase classname="backend.tests.test_restaurant_api.TestAdminMenuCRUD" name="test_update_menu_item_preparation_time" time="0.591" /><testcase classname="backend.tests.test_restaurant_api.TestAdminMenuCRUD" name="test_delete_menu_item" time="0.616" /><testcase classname="backend.tests.test_restaurant_api.TestAdminTablesCRUD" name="test_get_tables" time="0.465" /><testcase classname="backend.tests.test_restaurant_api.TestAdminTablesCRUD" name="test_create_table" time="0.436" /><testcase classname="backend.tests.test_restaurant_api.TestAdminTablesCRUD" name="test_delete_table" time="0.533" /><testcase classname="backend.tests.test_restaurant_api.TestAdminUsersCRUD" name="test_get_users" time="0.448" /><testcase classname="backend.tests.test_restaurant_api.TestAdminUsersCRUD" name="test_create_user_via_register" time="0.675" /><testcase classname="backend.tests.test_restaurant_api.TestAdminUsersCRUD" name="test_update_user" time="0.667" /><testcase classname="backend.tests.test_restaurant_api.TestAdminUsersCRUD" name="test_delete_user" time="0.784" /><testcase classname="backend.tests.test_restaurant_api.TestAdminUsersCRUD" name="test_non_admin_cannot_get_users" time="0.744" /><testcase classname="backend.tests.test_restaurant_api.TestKitchenDashboard" name="test_order_has_preparation_time" time="0.667" /><testcase classname="backend.tests.test_restaurant_api.TestKitchenDashboard" name="test_start_cooking_sets_timer" time="0.728" /><testcase classname="backend.tests.test_restaurant_api.TestKitchenDashboard" name="test_mark_order_ready" time="0.843" /><testcase classname="backend.tests.test_restaurant_api.TestPermissions" name="test_waiter_cannot_delete_menu" time="0.529" /><testcase classname="backend.tests.test_restaurant_api.TestPermissions" name="test_chef_cannot_access_users" time="1.847" /></testsuite></testsuites>